<?xml version="1.0" encoding="UTF-8"?>
<!-- Generated by org.testng.reporters.JUnitReportReporter -->
<testsuite hostname="DESKTOP-2AAAVGQ" failures="0" tests="2" name="com.runner.Runner" time="0.305" errors="0" timestamp="18 Oct 2021 00:33:54 GMT" skipped="0">
  <testcase classname="com.runner.Runner" name="runScenario" time="0.013"/>
  <testcase classname="com.runner.Runner" name="runScenario" time="0.292"/>
</testsuite> <!-- com.runner.Runner -->
